[2024-11-12 12:28:04 +0100] [43829] [INFO] Starting gunicorn 23.0.0
[2024-11-12 12:28:04 +0100] [43829] [INFO] Listening at: http://0.0.0.0:8080 (43829)
[2024-11-12 12:28:04 +0100] [43829] [INFO] Using worker: sync
[2024-11-12 12:28:04 +0100] [43830] [INFO] Booting worker with pid: 43830
[2024-11-12 12:28:04 +0100] [43831] [INFO] Booting worker with pid: 43831
[2024-11-12 12:28:04 +0100] [43832] [INFO] Booting worker with pid: 43832
[2024-11-12 12:28:04 +0100] [43833] [INFO] Booting worker with pid: 43833
[2024-11-12 12:28:04 +0100] [43834] [INFO] Booting worker with pid: 43834
[2024-11-12 12:28:58 +0100] [43829] [INFO] Handling signal: int
[2024-11-12 11:28:58 +0000] [43833] [INFO] Worker exiting (pid: 43833)
[2024-11-12 11:28:58 +0000] [43830] [INFO] Worker exiting (pid: 43830)
[2024-11-12 11:28:58 +0000] [43832] [INFO] Worker exiting (pid: 43832)
[2024-11-12 11:28:58 +0000] [43834] [INFO] Worker exiting (pid: 43834)
[2024-11-12 11:28:58 +0000] [43831] [INFO] Worker exiting (pid: 43831)
[2024-11-12 12:28:58 +0100] [43829] [INFO] Shutting down: Master
[2024-11-12 12:28:59 +0100] [44333] [INFO] Starting gunicorn 23.0.0
[2024-11-12 12:28:59 +0100] [44333] [INFO] Listening at: http://0.0.0.0:8080 (44333)
[2024-11-12 12:28:59 +0100] [44333] [INFO] Using worker: sync
[2024-11-12 12:28:59 +0100] [44334] [INFO] Booting worker with pid: 44334
[2024-11-12 12:28:59 +0100] [44335] [INFO] Booting worker with pid: 44335
[2024-11-12 12:28:59 +0100] [44336] [INFO] Booting worker with pid: 44336
[2024-11-12 12:28:59 +0100] [44337] [INFO] Booting worker with pid: 44337
[2024-11-12 12:28:59 +0100] [44338] [INFO] Booting worker with pid: 44338
[2024-11-12 12:29:24 +0100] [44333] [INFO] Handling signal: int
[2024-11-12 11:29:25 +0000] [44335] [INFO] Worker exiting (pid: 44335)
[2024-11-12 11:29:25 +0000] [44338] [INFO] Worker exiting (pid: 44338)
[2024-11-12 11:29:25 +0000] [44334] [INFO] Worker exiting (pid: 44334)
[2024-11-12 11:29:25 +0000] [44336] [INFO] Worker exiting (pid: 44336)
[2024-11-12 11:29:25 +0000] [44337] [INFO] Worker exiting (pid: 44337)
[2024-11-12 12:29:25 +0100] [44333] [INFO] Shutting down: Master
[2024-11-12 12:29:34 +0100] [44680] [INFO] Starting gunicorn 23.0.0
[2024-11-12 12:29:34 +0100] [44680] [INFO] Listening at: http://0.0.0.0:8080 (44680)
[2024-11-12 12:29:34 +0100] [44680] [INFO] Using worker: sync
[2024-11-12 12:29:34 +0100] [44681] [INFO] Booting worker with pid: 44681
[2024-11-12 12:29:34 +0100] [44682] [INFO] Booting worker with pid: 44682
[2024-11-12 12:29:34 +0100] [44683] [INFO] Booting worker with pid: 44683
[2024-11-12 12:29:34 +0100] [44684] [INFO] Booting worker with pid: 44684
[2024-11-12 12:29:35 +0100] [44694] [INFO] Booting worker with pid: 44694
[2024-11-12 13:19:38 +0100] [44680] [INFO] Handling signal: winch
[2024-11-12 13:29:11 +0100] [44680] [INFO] Handling signal: winch
[2024-11-12 13:29:14 +0100] [44680] [INFO] Handling signal: winch
[2024-11-12 13:29:14 +0100] [44680] [INFO] Handling signal: winch
[2024-11-12 13:29:24 +0100] [44680] [INFO] Handling signal: winch
[2024-11-12 13:30:07 +0100] [44680] [INFO] Handling signal: winch
[2024-11-12 15:13:13 +0100] [44680] [INFO] Handling signal: winch
[2024-11-12 15:21:33 +0100] [44680] [INFO] Handling signal: winch
[2024-11-12 15:24:08 +0100] [44680] [INFO] Handling signal: winch
[2024-11-12 15:30:07 +0100] [44680] [INFO] Handling signal: winch
[2024-11-12 15:30:07 +0100] [44680] [INFO] Handling signal: int
[2024-11-12 14:30:07 +0000] [44683] [INFO] Worker exiting (pid: 44683)
[2024-11-12 14:30:07 +0000] [44681] [INFO] Worker exiting (pid: 44681)
[2024-11-12 14:30:07 +0000] [44694] [INFO] Worker exiting (pid: 44694)
[2024-11-12 14:30:07 +0000] [44682] [INFO] Worker exiting (pid: 44682)
[2024-11-12 14:30:07 +0000] [44684] [INFO] Worker exiting (pid: 44684)
[2024-11-12 15:30:07 +0100] [44680] [INFO] Shutting down: Master
[2024-11-12 15:30:10 +0100] [39500] [INFO] Starting gunicorn 23.0.0
[2024-11-12 15:30:10 +0100] [39500] [INFO] Listening at: http://0.0.0.0:8080 (39500)
[2024-11-12 15:30:10 +0100] [39500] [INFO] Using worker: sync
[2024-11-12 15:30:10 +0100] [39501] [INFO] Booting worker with pid: 39501
[2024-11-12 15:30:10 +0100] [39502] [INFO] Booting worker with pid: 39502
[2024-11-12 15:30:10 +0100] [39503] [INFO] Booting worker with pid: 39503
[2024-11-12 15:30:10 +0100] [39504] [INFO] Booting worker with pid: 39504
[2024-11-12 15:30:10 +0100] [39505] [INFO] Booting worker with pid: 39505
[2024-11-12 15:30:54 +0100] [39500] [INFO] Handling signal: winch
[2024-11-12 15:30:55 +0100] [39500] [INFO] Handling signal: winch
[2024-11-12 15:30:55 +0100] [39500] [INFO] Handling signal: winch
[2024-11-12 15:32:23 +0100] [39500] [INFO] Handling signal: int
[2024-11-12 14:32:23 +0000] [39502] [INFO] Worker exiting (pid: 39502)
[2024-11-12 14:32:23 +0000] [39501] [INFO] Worker exiting (pid: 39501)
[2024-11-12 14:32:23 +0000] [39504] [INFO] Worker exiting (pid: 39504)
[2024-11-12 14:32:23 +0000] [39505] [INFO] Worker exiting (pid: 39505)
[2024-11-12 14:32:23 +0000] [39503] [INFO] Worker exiting (pid: 39503)
[2024-11-12 15:32:23 +0100] [39500] [INFO] Shutting down: Master
